0 info it worked if it ends with ok
1 verbose cli [ 'C:\\Program Files\\nodejs\\node.exe',
1 verbose cli   'C:\\Program Files\\nodejs\\node_modules\\npm\\bin\\npm-cli.js',
1 verbose cli   'install' ]
2 info using npm@4.1.2
3 info using node@v7.6.0
4 silly loadCurrentTree Starting
5 silly install loadCurrentTree
6 silly install readLocalPackageData
7 silly install normalizeTree
8 silly loadCurrentTree Finishing
9 silly loadIdealTree Starting
10 silly install loadIdealTree
11 silly cloneCurrentTree Starting
12 silly install cloneCurrentTreeToIdealTree
13 silly cloneCurrentTree Finishing
14 silly loadShrinkwrap Starting
15 silly install loadShrinkwrap
16 silly loadShrinkwrap Finishing
17 silly loadAllDepsIntoIdealTree Starting
18 silly install loadAllDepsIntoIdealTree
19 silly fetchNamedPackageData express
20 silly mapToRegistry name express
21 silly mapToRegistry using default registry
22 silly mapToRegistry registry https://registry.npmjs.org/
23 silly mapToRegistry data Result {
23 silly mapToRegistry   raw: 'express',
23 silly mapToRegistry   scope: null,
23 silly mapToRegistry   escapedName: 'express',
23 silly mapToRegistry   name: 'express',
23 silly mapToRegistry   rawSpec: '',
23 silly mapToRegistry   spec: 'latest',
23 silly mapToRegistry   type: 'tag' }
24 silly mapToRegistry uri https://registry.npmjs.org/express
25 silly fetchNamedPackageData mysql
26 silly mapToRegistry name mysql
27 silly mapToRegistry using default registry
28 silly mapToRegistry registry https://registry.npmjs.org/
29 silly mapToRegistry data Result {
29 silly mapToRegistry   raw: 'mysql',
29 silly mapToRegistry   scope: null,
29 silly mapToRegistry   escapedName: 'mysql',
29 silly mapToRegistry   name: 'mysql',
29 silly mapToRegistry   rawSpec: '',
29 silly mapToRegistry   spec: 'latest',
29 silly mapToRegistry   type: 'tag' }
30 silly mapToRegistry uri https://registry.npmjs.org/mysql
31 silly fetchNamedPackageData body-parser
32 silly mapToRegistry name body-parser
33 silly mapToRegistry using default registry
34 silly mapToRegistry registry https://registry.npmjs.org/
35 silly mapToRegistry data Result {
35 silly mapToRegistry   raw: 'body-parser',
35 silly mapToRegistry   scope: null,
35 silly mapToRegistry   escapedName: 'body-parser',
35 silly mapToRegistry   name: 'body-parser',
35 silly mapToRegistry   rawSpec: '',
35 silly mapToRegistry   spec: 'latest',
35 silly mapToRegistry   type: 'tag' }
36 silly mapToRegistry uri https://registry.npmjs.org/body-parser
37 silly fetchNamedPackageData MD5
38 silly mapToRegistry name MD5
39 silly mapToRegistry using default registry
40 silly mapToRegistry registry https://registry.npmjs.org/
41 silly mapToRegistry data Result {
41 silly mapToRegistry   raw: 'MD5',
41 silly mapToRegistry   scope: null,
41 silly mapToRegistry   escapedName: 'MD5',
41 silly mapToRegistry   name: 'MD5',
41 silly mapToRegistry   rawSpec: '',
41 silly mapToRegistry   spec: 'latest',
41 silly mapToRegistry   type: 'tag' }
42 silly mapToRegistry uri https://registry.npmjs.org/MD5
43 verbose request uri https://registry.npmjs.org/mysql
44 verbose request no auth needed
45 info attempt registry request try #1 at 20:44:14
46 verbose request id eeeea9effd6542d8
47 http request GET https://registry.npmjs.org/mysql
48 verbose request uri https://registry.npmjs.org/body-parser
49 verbose request no auth needed
50 info attempt registry request try #1 at 20:44:14
51 http request GET https://registry.npmjs.org/body-parser
52 verbose request uri https://registry.npmjs.org/MD5
53 verbose request no auth needed
54 info attempt registry request try #1 at 20:44:14
55 http request GET https://registry.npmjs.org/MD5
56 verbose request uri https://registry.npmjs.org/express
57 verbose request no auth needed
58 info attempt registry request try #1 at 20:44:14
59 verbose etag W/"58b5422c-8759c"
60 verbose lastModified Tue, 28 Feb 2017 09:26:04 GMT
61 http request GET https://registry.npmjs.org/express
62 http 200 https://registry.npmjs.org/body-parser
63 verbose headers { server: 'nginx/1.10.1',
63 verbose headers   'content-type': 'application/json',
63 verbose headers   'last-modified': 'Tue, 07 Mar 2017 16:12:34 GMT',
63 verbose headers   etag: 'W/"58bedbf2-20140"',
63 verbose headers   'content-encoding': 'gzip',
63 verbose headers   'cache-control': 'max-age=300',
63 verbose headers   'content-length': '14516',
63 verbose headers   'accept-ranges': 'bytes',
63 verbose headers   date: 'Tue, 07 Mar 2017 23:44:18 GMT',
63 verbose headers   via: '1.1 varnish',
63 verbose headers   age: '83',
63 verbose headers   connection: 'keep-alive',
63 verbose headers   'x-served-by': 'cache-gru7127-GRU',
63 verbose headers   'x-cache': 'HIT',
63 verbose headers   'x-cache-hits': '10',
63 verbose headers   'x-timer': 'S1488930258.748572,VS0,VE0',
63 verbose headers   vary: 'Accept-Encoding' }
64 silly get cb [ 200,
64 silly get   { server: 'nginx/1.10.1',
64 silly get     'content-type': 'application/json',
64 silly get     'last-modified': 'Tue, 07 Mar 2017 16:12:34 GMT',
64 silly get     etag: 'W/"58bedbf2-20140"',
64 silly get     'content-encoding': 'gzip',
64 silly get     'cache-control': 'max-age=300',
64 silly get     'content-length': '14516',
64 silly get     'accept-ranges': 'bytes',
64 silly get     date: 'Tue, 07 Mar 2017 23:44:18 GMT',
64 silly get     via: '1.1 varnish',
64 silly get     age: '83',
64 silly get     connection: 'keep-alive',
64 silly get     'x-served-by': 'cache-gru7127-GRU',
64 silly get     'x-cache': 'HIT',
64 silly get     'x-cache-hits': '10',
64 silly get     'x-timer': 'S1488930258.748572,VS0,VE0',
64 silly get     vary: 'Accept-Encoding' } ]
65 verbose get saving body-parser to C:\Users\Mary\AppData\Roaming\npm-cache\registry.npmjs.org\body-parser\.cache.json
66 verbose correctMkdir C:\Users\Mary\AppData\Roaming\npm-cache correctMkdir not in flight; initializing
67 http 200 https://registry.npmjs.org/mysql
68 verbose headers { server: 'nginx/1.10.1',
68 verbose headers   'content-type': 'application/json',
68 verbose headers   'last-modified': 'Mon, 06 Mar 2017 06:38:10 GMT',
68 verbose headers   etag: 'W/"58bd03d2-21dd0"',
68 verbose headers   'content-encoding': 'gzip',
68 verbose headers   'cache-control': 'max-age=300',
68 verbose headers   'content-length': '26548',
68 verbose headers   'accept-ranges': 'bytes',
68 verbose headers   date: 'Tue, 07 Mar 2017 23:44:18 GMT',
68 verbose headers   via: '1.1 varnish',
68 verbose headers   age: '74',
68 verbose headers   connection: 'keep-alive',
68 verbose headers   'x-served-by': 'cache-gru7123-GRU',
68 verbose headers   'x-cache': 'HIT',
68 verbose headers   'x-cache-hits': '1',
68 verbose headers   'x-timer': 'S1488930258.735580,VS0,VE0',
68 verbose headers   vary: 'Accept-Encoding' }
69 silly get cb [ 200,
69 silly get   { server: 'nginx/1.10.1',
69 silly get     'content-type': 'application/json',
69 silly get     'last-modified': 'Mon, 06 Mar 2017 06:38:10 GMT',
69 silly get     etag: 'W/"58bd03d2-21dd0"',
69 silly get     'content-encoding': 'gzip',
69 silly get     'cache-control': 'max-age=300',
69 silly get     'content-length': '26548',
69 silly get     'accept-ranges': 'bytes',
69 silly get     date: 'Tue, 07 Mar 2017 23:44:18 GMT',
69 silly get     via: '1.1 varnish',
69 silly get     age: '74',
69 silly get     connection: 'keep-alive',
69 silly get     'x-served-by': 'cache-gru7123-GRU',
69 silly get     'x-cache': 'HIT',
69 silly get     'x-cache-hits': '1',
69 silly get     'x-timer': 'S1488930258.735580,VS0,VE0',
69 silly get     vary: 'Accept-Encoding' } ]
70 verbose get saving mysql to C:\Users\Mary\AppData\Roaming\npm-cache\registry.npmjs.org\mysql\.cache.json
71 verbose correctMkdir C:\Users\Mary\AppData\Roaming\npm-cache correctMkdir not in flight; initializing
72 http 200 https://registry.npmjs.org/MD5
73 verbose headers { server: 'nginx/1.10.1',
73 verbose headers   'content-type': 'application/json',
73 verbose headers   'last-modified': 'Thu, 09 Feb 2017 03:39:04 GMT',
73 verbose headers   etag: 'W/"589be458-3453"',
73 verbose headers   'content-encoding': 'gzip',
73 verbose headers   'cache-control': 'max-age=300',
73 verbose headers   'content-length': '2905',
73 verbose headers   'accept-ranges': 'bytes',
73 verbose headers   date: 'Tue, 07 Mar 2017 23:44:18 GMT',
73 verbose headers   via: '1.1 varnish',
73 verbose headers   age: '0',
73 verbose headers   connection: 'keep-alive',
73 verbose headers   'x-served-by': 'cache-gru7123-GRU',
73 verbose headers   'x-cache': 'MISS',
73 verbose headers   'x-cache-hits': '0',
73 verbose headers   'x-timer': 'S1488930258.763168,VS0,VE194',
73 verbose headers   vary: 'Accept-Encoding' }
74 silly get cb [ 200,
74 silly get   { server: 'nginx/1.10.1',
74 silly get     'content-type': 'application/json',
74 silly get     'last-modified': 'Thu, 09 Feb 2017 03:39:04 GMT',
74 silly get     etag: 'W/"589be458-3453"',
74 silly get     'content-encoding': 'gzip',
74 silly get     'cache-control': 'max-age=300',
74 silly get     'content-length': '2905',
74 silly get     'accept-ranges': 'bytes',
74 silly get     date: 'Tue, 07 Mar 2017 23:44:18 GMT',
74 silly get     via: '1.1 varnish',
74 silly get     age: '0',
74 silly get     connection: 'keep-alive',
74 silly get     'x-served-by': 'cache-gru7123-GRU',
74 silly get     'x-cache': 'MISS',
74 silly get     'x-cache-hits': '0',
74 silly get     'x-timer': 'S1488930258.763168,VS0,VE194',
74 silly get     vary: 'Accept-Encoding' } ]
75 verbose get saving MD5 to C:\Users\Mary\AppData\Roaming\npm-cache\registry.npmjs.org\MD5\.cache.json
76 verbose correctMkdir C:\Users\Mary\AppData\Roaming\npm-cache correctMkdir not in flight; initializing
77 silly pickManifestFromRegistryMetadata spec >=1.12.0 <1.13.0 tag latest versions [ '1.0.0',
77 silly pickManifestFromRegistryMetadata   '1.0.1',
77 silly pickManifestFromRegistryMetadata   '1.0.2',
77 silly pickManifestFromRegistryMetadata   '1.1.0',
77 silly pickManifestFromRegistryMetadata   '1.1.1',
77 silly pickManifestFromRegistryMetadata   '1.1.2',
77 silly pickManifestFromRegistryMetadata   '1.2.0',
77 silly pickManifestFromRegistryMetadata   '1.2.1',
77 silly pickManifestFromRegistryMetadata   '1.2.2',
77 silly pickManifestFromRegistryMetadata   '1.3.0',
77 silly pickManifestFromRegistryMetadata   '1.3.1',
77 silly pickManifestFromRegistryMetadata   '1.4.0',
77 silly pickManifestFromRegistryMetadata   '1.4.1',
77 silly pickManifestFromRegistryMetadata   '1.4.2',
77 silly pickManifestFromRegistryMetadata   '1.4.3',
77 silly pickManifestFromRegistryMetadata   '1.5.0',
77 silly pickManifestFromRegistryMetadata   '1.5.1',
77 silly pickManifestFromRegistryMetadata   '1.5.2',
77 silly pickManifestFromRegistryMetadata   '1.6.0',
77 silly pickManifestFromRegistryMetadata   '1.6.1',
77 silly pickManifestFromRegistryMetadata   '1.6.2',
77 silly pickManifestFromRegistryMetadata   '1.6.3',
77 silly pickManifestFromRegistryMetadata   '1.6.4',
77 silly pickManifestFromRegistryMetadata   '1.6.5',
77 silly pickManifestFromRegistryMetadata   '1.6.6',
77 silly pickManifestFromRegistryMetadata   '1.6.7',
77 silly pickManifestFromRegistryMetadata   '1.7.0',
77 silly pickManifestFromRegistryMetadata   '1.8.0',
77 silly pickManifestFromRegistryMetadata   '1.8.1',
77 silly pickManifestFromRegistryMetadata   '1.8.2',
77 silly pickManifestFromRegistryMetadata   '1.8.3',
77 silly pickManifestFromRegistryMetadata   '1.8.4',
77 silly pickManifestFromRegistryMetadata   '1.9.0',
77 silly pickManifestFromRegistryMetadata   '1.9.1',
77 silly pickManifestFromRegistryMetadata   '1.9.2',
77 silly pickManifestFromRegistryMetadata   '1.9.3',
77 silly pickManifestFromRegistryMetadata   '1.10.0',
77 silly pickManifestFromRegistryMetadata   '1.10.1',
77 silly pickManifestFromRegistryMetadata   '1.10.2',
77 silly pickManifestFromRegistryMetadata   '1.11.0',
77 silly pickManifestFromRegistryMetadata   '1.12.0',
77 silly pickManifestFromRegistryMetadata   '1.12.1',
77 silly pickManifestFromRegistryMetadata   '1.12.2',
77 silly pickManifestFromRegistryMetadata   '1.12.3',
77 silly pickManifestFromRegistryMetadata   '1.12.4',
77 silly pickManifestFromRegistryMetadata   '1.13.0',
77 silly pickManifestFromRegistryMetadata   '1.13.1',
77 silly pickManifestFromRegistryMetadata   '1.13.2',
77 silly pickManifestFromRegistryMetadata   '1.13.3',
77 silly pickManifestFromRegistryMetadata   '1.14.0',
77 silly pickManifestFromRegistryMetadata   '1.14.1',
77 silly pickManifestFromRegistryMetadata   '1.14.2',
77 silly pickManifestFromRegistryMetadata   '1.15.0',
77 silly pickManifestFromRegistryMetadata   '1.15.1',
77 silly pickManifestFromRegistryMetadata   '1.15.2',
77 silly pickManifestFromRegistryMetadata   '1.16.0',
77 silly pickManifestFromRegistryMetadata   '1.16.1',
77 silly pickManifestFromRegistryMetadata   '1.17.0',
77 silly pickManifestFromRegistryMetadata   '1.17.1' ]
78 silly resolveWithNewModule body-parser@1.12.4 checking installable status
79 silly cache add args [ 'body-parser@~1.12.0', null ]
80 verbose cache add spec body-parser@~1.12.0
81 silly cache add parsed spec Result {
81 silly cache add   raw: 'body-parser@~1.12.0',
81 silly cache add   scope: null,
81 silly cache add   escapedName: 'body-parser',
81 silly cache add   name: 'body-parser',
81 silly cache add   rawSpec: '~1.12.0',
81 silly cache add   spec: '>=1.12.0 <1.13.0',
81 silly cache add   type: 'range' }
82 silly addNamed body-parser@>=1.12.0 <1.13.0
83 verbose addNamed ">=1.12.0 <1.13.0" is a valid semver range for body-parser
84 silly addNameRange { name: 'body-parser',
84 silly addNameRange   range: '>=1.12.0 <1.13.0',
84 silly addNameRange   hasData: false }
85 silly mapToRegistry name body-parser
86 silly mapToRegistry using default registry
87 silly mapToRegistry registry https://registry.npmjs.org/
88 silly mapToRegistry data Result {
88 silly mapToRegistry   raw: 'body-parser',
88 silly mapToRegistry   scope: null,
88 silly mapToRegistry   escapedName: 'body-parser',
88 silly mapToRegistry   name: 'body-parser',
88 silly mapToRegistry   rawSpec: '',
88 silly mapToRegistry   spec: 'latest',
88 silly mapToRegistry   type: 'tag' }
89 silly mapToRegistry uri https://registry.npmjs.org/body-parser
90 verbose addNameRange registry:https://registry.npmjs.org/body-parser not in flight; fetching
91 silly pickManifestFromRegistryMetadata spec >=2.5.5 <2.6.0 tag latest versions [ '0.1.0',
91 silly pickManifestFromRegistryMetadata   '0.2.0',
91 silly pickManifestFromRegistryMetadata   '0.3.0',
91 silly pickManifestFromRegistryMetadata   '0.4.0',
91 silly pickManifestFromRegistryMetadata   '0.5.0',
91 silly pickManifestFromRegistryMetadata   '0.6.0',
91 silly pickManifestFromRegistryMetadata   '0.7.0',
91 silly pickManifestFromRegistryMetadata   '0.8.0',
91 silly pickManifestFromRegistryMetadata   '0.9.0',
91 silly pickManifestFromRegistryMetadata   '0.9.1',
91 silly pickManifestFromRegistryMetadata   '0.9.2',
91 silly pickManifestFromRegistryMetadata   '0.9.3',
91 silly pickManifestFromRegistryMetadata   '0.9.4',
91 silly pickManifestFromRegistryMetadata   '0.9.5',
91 silly pickManifestFromRegistryMetadata   '0.9.6',
91 silly pickManifestFromRegistryMetadata   '2.0.0-alpha',
91 silly pickManifestFromRegistryMetadata   '2.0.0-alpha2',
91 silly pickManifestFromRegistryMetadata   '2.0.0-alpha3',
91 silly pickManifestFromRegistryMetadata   '2.0.0-alpha4',
91 silly pickManifestFromRegistryMetadata   '2.0.0-alpha5',
91 silly pickManifestFromRegistryMetadata   '2.0.0-alpha6',
91 silly pickManifestFromRegistryMetadata   '2.0.0-alpha7',
91 silly pickManifestFromRegistryMetadata   '2.0.0-alpha8',
91 silly pickManifestFromRegistryMetadata   '2.0.0-alpha9',
91 silly pickManifestFromRegistryMetadata   '2.0.0-rc1',
91 silly pickManifestFromRegistryMetadata   '2.0.0-rc2',
91 silly pickManifestFromRegistryMetadata   '2.0.0',
91 silly pickManifestFromRegistryMetadata   '2.0.1',
91 silly pickManifestFromRegistryMetadata   '2.1.0',
91 silly pickManifestFromRegistryMetadata   '2.1.1',
91 silly pickManifestFromRegistryMetadata   '2.2.0',
91 silly pickManifestFromRegistryMetadata   '2.3.0',
91 silly pickManifestFromRegistryMetadata   '2.3.1',
91 silly pickManifestFromRegistryMetadata   '2.3.2',
91 silly pickManifestFromRegistryMetadata   '2.4.0',
91 silly pickManifestFromRegistryMetadata   '2.4.1',
91 silly pickManifestFromRegistryMetadata   '2.4.2',
91 silly pickManifestFromRegistryMetadata   '2.4.3',
91 silly pickManifestFromRegistryMetadata   '2.5.0',
91 silly pickManifestFromRegistryMetadata   '2.5.1',
91 silly pickManifestFromRegistryMetadata   '2.5.2',
91 silly pickManifestFromRegistryMetadata   '2.5.3',
91 silly pickManifestFromRegistryMetadata   '2.5.4',
91 silly pickManifestFromRegistryMetadata   '2.5.5',
91 silly pickManifestFromRegistryMetadata   '2.6.0',
91 silly pickManifestFromRegistryMetadata   '2.6.1',
91 silly pickManifestFromRegistryMetadata   '2.6.2',
91 silly pickManifestFromRegistryMetadata   '2.7.0',
91 silly pickManifestFromRegistryMetadata   '2.8.0',
91 silly pickManifestFromRegistryMetadata   '2.9.0',
91 silly pickManifestFromRegistryMetadata   '2.10.0',
91 silly pickManifestFromRegistryMetadata   '2.10.1',
91 silly pickManifestFromRegistryMetadata   '2.10.2',
91 silly pickManifestFromRegistryMetadata   '2.11.0',
91 silly pickManifestFromRegistryMetadata   '2.11.1',
91 silly pickManifestFromRegistryMetadata   '2.12.0',
91 silly pickManifestFromRegistryMetadata   '2.13.0' ]
92 silly resolveWithNewModule mysql@2.5.5 checking installable status
93 silly cache add args [ 'mysql@~2.5.5', null ]
94 verbose cache add spec mysql@~2.5.5
95 silly cache add parsed spec Result {
95 silly cache add   raw: 'mysql@~2.5.5',
95 silly cache add   scope: null,
95 silly cache add   escapedName: 'mysql',
95 silly cache add   name: 'mysql',
95 silly cache add   rawSpec: '~2.5.5',
95 silly cache add   spec: '>=2.5.5 <2.6.0',
95 silly cache add   type: 'range' }
96 silly addNamed mysql@>=2.5.5 <2.6.0
97 verbose addNamed ">=2.5.5 <2.6.0" is a valid semver range for mysql
98 silly addNameRange { name: 'mysql', range: '>=2.5.5 <2.6.0', hasData: false }
99 silly mapToRegistry name mysql
100 silly mapToRegistry using default registry
101 silly mapToRegistry registry https://registry.npmjs.org/
102 silly mapToRegistry data Result {
102 silly mapToRegistry   raw: 'mysql',
102 silly mapToRegistry   scope: null,
102 silly mapToRegistry   escapedName: 'mysql',
102 silly mapToRegistry   name: 'mysql',
102 silly mapToRegistry   rawSpec: '',
102 silly mapToRegistry   spec: 'latest',
102 silly mapToRegistry   type: 'tag' }
103 silly mapToRegistry uri https://registry.npmjs.org/mysql
104 verbose addNameRange registry:https://registry.npmjs.org/mysql not in flight; fetching
105 verbose get https://registry.npmjs.org/body-parser not expired, no request
106 silly addNameRange number 2 { name: 'body-parser', range: '>=1.12.0 <1.13.0', hasData: true }
107 silly addNameRange versions [ 'body-parser',
107 silly addNameRange   [ '1.0.0',
107 silly addNameRange     '1.0.1',
107 silly addNameRange     '1.0.2',
107 silly addNameRange     '1.1.0',
107 silly addNameRange     '1.1.1',
107 silly addNameRange     '1.1.2',
107 silly addNameRange     '1.2.0',
107 silly addNameRange     '1.2.1',
107 silly addNameRange     '1.2.2',
107 silly addNameRange     '1.3.0',
107 silly addNameRange     '1.3.1',
107 silly addNameRange     '1.4.0',
107 silly addNameRange     '1.4.1',
107 silly addNameRange     '1.4.2',
107 silly addNameRange     '1.4.3',
107 silly addNameRange     '1.5.0',
107 silly addNameRange     '1.5.1',
107 silly addNameRange     '1.5.2',
107 silly addNameRange     '1.6.0',
107 silly addNameRange     '1.6.1',
107 silly addNameRange     '1.6.2',
107 silly addNameRange     '1.6.3',
107 silly addNameRange     '1.6.4',
107 silly addNameRange     '1.6.5',
107 silly addNameRange     '1.6.6',
107 silly addNameRange     '1.6.7',
107 silly addNameRange     '1.7.0',
107 silly addNameRange     '1.8.0',
107 silly addNameRange     '1.8.1',
107 silly addNameRange     '1.8.2',
107 silly addNameRange     '1.8.3',
107 silly addNameRange     '1.8.4',
107 silly addNameRange     '1.9.0',
107 silly addNameRange     '1.9.1',
107 silly addNameRange     '1.9.2',
107 silly addNameRange     '1.9.3',
107 silly addNameRange     '1.10.0',
107 silly addNameRange     '1.10.1',
107 silly addNameRange     '1.10.2',
107 silly addNameRange     '1.11.0',
107 silly addNameRange     '1.12.0',
107 silly addNameRange     '1.12.1',
107 silly addNameRange     '1.12.2',
107 silly addNameRange     '1.12.3',
107 silly addNameRange     '1.12.4',
107 silly addNameRange     '1.13.0',
107 silly addNameRange     '1.13.1',
107 silly addNameRange     '1.13.2',
107 silly addNameRange     '1.13.3',
107 silly addNameRange     '1.14.0',
107 silly addNameRange     '1.14.1',
107 silly addNameRange     '1.14.2',
107 silly addNameRange     '1.15.0',
107 silly addNameRange     '1.15.1',
107 silly addNameRange     '1.15.2',
107 silly addNameRange     '1.16.0',
107 silly addNameRange     '1.16.1',
107 silly addNameRange     '1.17.0',
107 silly addNameRange     '1.17.1' ] ]
108 silly pickManifestFromRegistryMetadata spec >=1.12.0 <1.13.0 tag latest versions [ '1.0.0',
108 silly pickManifestFromRegistryMetadata   '1.0.1',
108 silly pickManifestFromRegistryMetadata   '1.0.2',
108 silly pickManifestFromRegistryMetadata   '1.1.0',
108 silly pickManifestFromRegistryMetadata   '1.1.1',
108 silly pickManifestFromRegistryMetadata   '1.1.2',
108 silly pickManifestFromRegistryMetadata   '1.2.0',
108 silly pickManifestFromRegistryMetadata   '1.2.1',
108 silly pickManifestFromRegistryMetadata   '1.2.2',
108 silly pickManifestFromRegistryMetadata   '1.3.0',
108 silly pickManifestFromRegistryMetadata   '1.3.1',
108 silly pickManifestFromRegistryMetadata   '1.4.0',
108 silly pickManifestFromRegistryMetadata   '1.4.1',
108 silly pickManifestFromRegistryMetadata   '1.4.2',
108 silly pickManifestFromRegistryMetadata   '1.4.3',
108 silly pickManifestFromRegistryMetadata   '1.5.0',
108 silly pickManifestFromRegistryMetadata   '1.5.1',
108 silly pickManifestFromRegistryMetadata   '1.5.2',
108 silly pickManifestFromRegistryMetadata   '1.6.0',
108 silly pickManifestFromRegistryMetadata   '1.6.1',
108 silly pickManifestFromRegistryMetadata   '1.6.2',
108 silly pickManifestFromRegistryMetadata   '1.6.3',
108 silly pickManifestFromRegistryMetadata   '1.6.4',
108 silly pickManifestFromRegistryMetadata   '1.6.5',
108 silly pickManifestFromRegistryMetadata   '1.6.6',
108 silly pickManifestFromRegistryMetadata   '1.6.7',
108 silly pickManifestFromRegistryMetadata   '1.7.0',
108 silly pickManifestFromRegistryMetadata   '1.8.0',
108 silly pickManifestFromRegistryMetadata   '1.8.1',
108 silly pickManifestFromRegistryMetadata   '1.8.2',
108 silly pickManifestFromRegistryMetadata   '1.8.3',
108 silly pickManifestFromRegistryMetadata   '1.8.4',
108 silly pickManifestFromRegistryMetadata   '1.9.0',
108 silly pickManifestFromRegistryMetadata   '1.9.1',
108 silly pickManifestFromRegistryMetadata   '1.9.2',
108 silly pickManifestFromRegistryMetadata   '1.9.3',
108 silly pickManifestFromRegistryMetadata   '1.10.0',
108 silly pickManifestFromRegistryMetadata   '1.10.1',
108 silly pickManifestFromRegistryMetadata   '1.10.2',
108 silly pickManifestFromRegistryMetadata   '1.11.0',
108 silly pickManifestFromRegistryMetadata   '1.12.0',
108 silly pickManifestFromRegistryMetadata   '1.12.1',
108 silly pickManifestFromRegistryMetadata   '1.12.2',
108 silly pickManifestFromRegistryMetadata   '1.12.3',
108 silly pickManifestFromRegistryMetadata   '1.12.4',
108 silly pickManifestFromRegistryMetadata   '1.13.0',
108 silly pickManifestFromRegistryMetadata   '1.13.1',
108 silly pickManifestFromRegistryMetadata   '1.13.2',
108 silly pickManifestFromRegistryMetadata   '1.13.3',
108 silly pickManifestFromRegistryMetadata   '1.14.0',
108 silly pickManifestFromRegistryMetadata   '1.14.1',
108 silly pickManifestFromRegistryMetadata   '1.14.2',
108 silly pickManifestFromRegistryMetadata   '1.15.0',
108 silly pickManifestFromRegistryMetadata   '1.15.1',
108 silly pickManifestFromRegistryMetadata   '1.15.2',
108 silly pickManifestFromRegistryMetadata   '1.16.0',
108 silly pickManifestFromRegistryMetadata   '1.16.1',
108 silly pickManifestFromRegistryMetadata   '1.17.0',
108 silly pickManifestFromRegistryMetadata   '1.17.1' ]
109 silly addNamed body-parser@1.12.4
110 verbose addNamed "1.12.4" is a plain semver version for body-parser
111 silly mapToRegistry name body-parser
112 silly mapToRegistry using default registry
113 silly mapToRegistry registry https://registry.npmjs.org/
114 silly mapToRegistry data Result {
114 silly mapToRegistry   raw: 'body-parser',
114 silly mapToRegistry   scope: null,
114 silly mapToRegistry   escapedName: 'body-parser',
114 silly mapToRegistry   name: 'body-parser',
114 silly mapToRegistry   rawSpec: '',
114 silly mapToRegistry   spec: 'latest',
114 silly mapToRegistry   type: 'tag' }
115 silly mapToRegistry uri https://registry.npmjs.org/body-parser
116 verbose addRemoteTarball https://registry.npmjs.org/body-parser/-/body-parser-1.12.4.tgz not in flight; adding
117 verbose addRemoteTarball [ 'https://registry.npmjs.org/body-parser/-/body-parser-1.12.4.tgz',
117 verbose addRemoteTarball   '090700c4ba28862a8520ef378395fdee5f61c229' ]
118 verbose get https://registry.npmjs.org/mysql not expired, no request
119 silly addNameRange number 2 { name: 'mysql', range: '>=2.5.5 <2.6.0', hasData: true }
120 silly addNameRange versions [ 'mysql',
120 silly addNameRange   [ '0.1.0',
120 silly addNameRange     '0.2.0',
120 silly addNameRange     '0.3.0',
120 silly addNameRange     '0.4.0',
120 silly addNameRange     '0.5.0',
120 silly addNameRange     '0.6.0',
120 silly addNameRange     '0.7.0',
120 silly addNameRange     '0.8.0',
120 silly addNameRange     '0.9.0',
120 silly addNameRange     '0.9.1',
120 silly addNameRange     '0.9.2',
120 silly addNameRange     '0.9.3',
120 silly addNameRange     '0.9.4',
120 silly addNameRange     '0.9.5',
120 silly addNameRange     '0.9.6',
120 silly addNameRange     '2.0.0-alpha',
120 silly addNameRange     '2.0.0-alpha2',
120 silly addNameRange     '2.0.0-alpha3',
120 silly addNameRange     '2.0.0-alpha4',
120 silly addNameRange     '2.0.0-alpha5',
120 silly addNameRange     '2.0.0-alpha6',
120 silly addNameRange     '2.0.0-alpha7',
120 silly addNameRange     '2.0.0-alpha8',
120 silly addNameRange     '2.0.0-alpha9',
120 silly addNameRange     '2.0.0-rc1',
120 silly addNameRange     '2.0.0-rc2',
120 silly addNameRange     '2.0.0',
120 silly addNameRange     '2.0.1',
120 silly addNameRange     '2.1.0',
120 silly addNameRange     '2.1.1',
120 silly addNameRange     '2.2.0',
120 silly addNameRange     '2.3.0',
120 silly addNameRange     '2.3.1',
120 silly addNameRange     '2.3.2',
120 silly addNameRange     '2.4.0',
120 silly addNameRange     '2.4.1',
120 silly addNameRange     '2.4.2',
120 silly addNameRange     '2.4.3',
120 silly addNameRange     '2.5.0',
120 silly addNameRange     '2.5.1',
120 silly addNameRange     '2.5.2',
120 silly addNameRange     '2.5.3',
120 silly addNameRange     '2.5.4',
120 silly addNameRange     '2.5.5',
120 silly addNameRange     '2.6.0',
120 silly addNameRange     '2.6.1',
120 silly addNameRange     '2.6.2',
120 silly addNameRange     '2.7.0',
120 silly addNameRange     '2.8.0',
120 silly addNameRange     '2.9.0',
120 silly addNameRange     '2.10.0',
120 silly addNameRange     '2.10.1',
120 silly addNameRange     '2.10.2',
120 silly addNameRange     '2.11.0',
120 silly addNameRange     '2.11.1',
120 silly addNameRange     '2.12.0',
120 silly addNameRange     '2.13.0' ] ]
121 silly pickManifestFromRegistryMetadata spec >=2.5.5 <2.6.0 tag latest versions [ '0.1.0',
121 silly pickManifestFromRegistryMetadata   '0.2.0',
121 silly pickManifestFromRegistryMetadata   '0.3.0',
121 silly pickManifestFromRegistryMetadata   '0.4.0',
121 silly pickManifestFromRegistryMetadata   '0.5.0',
121 silly pickManifestFromRegistryMetadata   '0.6.0',
121 silly pickManifestFromRegistryMetadata   '0.7.0',
121 silly pickManifestFromRegistryMetadata   '0.8.0',
121 silly pickManifestFromRegistryMetadata   '0.9.0',
121 silly pickManifestFromRegistryMetadata   '0.9.1',
121 silly pickManifestFromRegistryMetadata   '0.9.2',
121 silly pickManifestFromRegistryMetadata   '0.9.3',
121 silly pickManifestFromRegistryMetadata   '0.9.4',
121 silly pickManifestFromRegistryMetadata   '0.9.5',
121 silly pickManifestFromRegistryMetadata   '0.9.6',
121 silly pickManifestFromRegistryMetadata   '2.0.0-alpha',
121 silly pickManifestFromRegistryMetadata   '2.0.0-alpha2',
121 silly pickManifestFromRegistryMetadata   '2.0.0-alpha3',
121 silly pickManifestFromRegistryMetadata   '2.0.0-alpha4',
121 silly pickManifestFromRegistryMetadata   '2.0.0-alpha5',
121 silly pickManifestFromRegistryMetadata   '2.0.0-alpha6',
121 silly pickManifestFromRegistryMetadata   '2.0.0-alpha7',
121 silly pickManifestFromRegistryMetadata   '2.0.0-alpha8',
121 silly pickManifestFromRegistryMetadata   '2.0.0-alpha9',
121 silly pickManifestFromRegistryMetadata   '2.0.0-rc1',
121 silly pickManifestFromRegistryMetadata   '2.0.0-rc2',
121 silly pickManifestFromRegistryMetadata   '2.0.0',
121 silly pickManifestFromRegistryMetadata   '2.0.1',
121 silly pickManifestFromRegistryMetadata   '2.1.0',
121 silly pickManifestFromRegistryMetadata   '2.1.1',
121 silly pickManifestFromRegistryMetadata   '2.2.0',
121 silly pickManifestFromRegistryMetadata   '2.3.0',
121 silly pickManifestFromRegistryMetadata   '2.3.1',
121 silly pickManifestFromRegistryMetadata   '2.3.2',
121 silly pickManifestFromRegistryMetadata   '2.4.0',
121 silly pickManifestFromRegistryMetadata   '2.4.1',
121 silly pickManifestFromRegistryMetadata   '2.4.2',
121 silly pickManifestFromRegistryMetadata   '2.4.3',
121 silly pickManifestFromRegistryMetadata   '2.5.0',
121 silly pickManifestFromRegistryMetadata   '2.5.1',
121 silly pickManifestFromRegistryMetadata   '2.5.2',
121 silly pickManifestFromRegistryMetadata   '2.5.3',
121 silly pickManifestFromRegistryMetadata   '2.5.4',
121 silly pickManifestFromRegistryMetadata   '2.5.5',
121 silly pickManifestFromRegistryMetadata   '2.6.0',
121 silly pickManifestFromRegistryMetadata   '2.6.1',
121 silly pickManifestFromRegistryMetadata   '2.6.2',
121 silly pickManifestFromRegistryMetadata   '2.7.0',
121 silly pickManifestFromRegistryMetadata   '2.8.0',
121 silly pickManifestFromRegistryMetadata   '2.9.0',
121 silly pickManifestFromRegistryMetadata   '2.10.0',
121 silly pickManifestFromRegistryMetadata   '2.10.1',
121 silly pickManifestFromRegistryMetadata   '2.10.2',
121 silly pickManifestFromRegistryMetadata   '2.11.0',
121 silly pickManifestFromRegistryMetadata   '2.11.1',
121 silly pickManifestFromRegistryMetadata   '2.12.0',
121 silly pickManifestFromRegistryMetadata   '2.13.0' ]
122 silly addNamed mysql@2.5.5
123 verbose addNamed "2.5.5" is a plain semver version for mysql
124 silly mapToRegistry name mysql
125 silly mapToRegistry using default registry
126 silly mapToRegistry registry https://registry.npmjs.org/
127 silly mapToRegistry data Result {
127 silly mapToRegistry   raw: 'mysql',
127 silly mapToRegistry   scope: null,
127 silly mapToRegistry   escapedName: 'mysql',
127 silly mapToRegistry   name: 'mysql',
127 silly mapToRegistry   rawSpec: '',
127 silly mapToRegistry   spec: 'latest',
127 silly mapToRegistry   type: 'tag' }
128 silly mapToRegistry uri https://registry.npmjs.org/mysql
129 verbose addRemoteTarball https://registry.npmjs.org/mysql/-/mysql-2.5.5.tgz not in flight; adding
130 verbose addRemoteTarball [ 'https://registry.npmjs.org/mysql/-/mysql-2.5.5.tgz',
130 verbose addRemoteTarball   '02a1c4d0617fb771d85c15fcf24d108f5a62f648' ]
131 silly pickManifestFromRegistryMetadata spec >=1.2.1 <1.3.0 tag latest versions [ '0.0.0',
131 silly pickManifestFromRegistryMetadata   '1.0.0',
131 silly pickManifestFromRegistryMetadata   '1.0.1',
131 silly pickManifestFromRegistryMetadata   '1.0.2',
131 silly pickManifestFromRegistryMetadata   '1.0.3',
131 silly pickManifestFromRegistryMetadata   '1.1.0',
131 silly pickManifestFromRegistryMetadata   '1.2.0',
131 silly pickManifestFromRegistryMetadata   '1.2.1',
131 silly pickManifestFromRegistryMetadata   '1.2.2',
131 silly pickManifestFromRegistryMetadata   '1.3.0' ]
132 silly resolveWithNewModule MD5@1.2.2 checking installable status
133 silly cache add args [ 'MD5@~1.2.1', null ]
134 verbose cache add spec MD5@~1.2.1
135 silly cache add parsed spec Result {
135 silly cache add   raw: 'MD5@~1.2.1',
135 silly cache add   scope: null,
135 silly cache add   escapedName: 'MD5',
135 silly cache add   name: 'MD5',
135 silly cache add   rawSpec: '~1.2.1',
135 silly cache add   spec: '>=1.2.1 <1.3.0',
135 silly cache add   type: 'range' }
136 silly addNamed MD5@>=1.2.1 <1.3.0
137 verbose addNamed ">=1.2.1 <1.3.0" is a valid semver range for MD5
138 silly addNameRange { name: 'MD5', range: '>=1.2.1 <1.3.0', hasData: false }
139 silly mapToRegistry name MD5
140 silly mapToRegistry using default registry
141 silly mapToRegistry registry https://registry.npmjs.org/
142 silly mapToRegistry data Result {
142 silly mapToRegistry   raw: 'MD5',
142 silly mapToRegistry   scope: null,
142 silly mapToRegistry   escapedName: 'MD5',
142 silly mapToRegistry   name: 'MD5',
142 silly mapToRegistry   rawSpec: '',
142 silly mapToRegistry   spec: 'latest',
142 silly mapToRegistry   type: 'tag' }
143 silly mapToRegistry uri https://registry.npmjs.org/MD5
144 verbose addNameRange registry:https://registry.npmjs.org/MD5 not in flight; fetching
145 info retry fetch attempt 1 at 20:44:17
146 info attempt registry request try #1 at 20:44:17
147 http fetch GET https://registry.npmjs.org/mysql/-/mysql-2.5.5.tgz
148 info retry fetch attempt 1 at 20:44:17
149 info attempt registry request try #1 at 20:44:17
150 http fetch GET https://registry.npmjs.org/body-parser/-/body-parser-1.12.4.tgz
151 verbose get https://registry.npmjs.org/MD5 not expired, no request
152 silly addNameRange number 2 { name: 'MD5', range: '>=1.2.1 <1.3.0', hasData: true }
153 silly addNameRange versions [ 'MD5',
153 silly addNameRange   [ '0.0.0',
153 silly addNameRange     '1.0.0',
153 silly addNameRange     '1.0.1',
153 silly addNameRange     '1.0.2',
153 silly addNameRange     '1.0.3',
153 silly addNameRange     '1.1.0',
153 silly addNameRange     '1.2.0',
153 silly addNameRange     '1.2.1',
153 silly addNameRange     '1.2.2',
153 silly addNameRange     '1.3.0' ] ]
154 silly pickManifestFromRegistryMetadata spec >=1.2.1 <1.3.0 tag latest versions [ '0.0.0',
154 silly pickManifestFromRegistryMetadata   '1.0.0',
154 silly pickManifestFromRegistryMetadata   '1.0.1',
154 silly pickManifestFromRegistryMetadata   '1.0.2',
154 silly pickManifestFromRegistryMetadata   '1.0.3',
154 silly pickManifestFromRegistryMetadata   '1.1.0',
154 silly pickManifestFromRegistryMetadata   '1.2.0',
154 silly pickManifestFromRegistryMetadata   '1.2.1',
154 silly pickManifestFromRegistryMetadata   '1.2.2',
154 silly pickManifestFromRegistryMetadata   '1.3.0' ]
155 silly addNamed MD5@1.2.2
156 verbose addNamed "1.2.2" is a plain semver version for MD5
157 warn deprecated MD5@1.2.2: deprecated, use lowercase 'md5@2.x' from now on
158 silly mapToRegistry name MD5
159 silly mapToRegistry using default registry
160 silly mapToRegistry registry https://registry.npmjs.org/
161 silly mapToRegistry data Result {
161 silly mapToRegistry   raw: 'MD5',
161 silly mapToRegistry   scope: null,
161 silly mapToRegistry   escapedName: 'MD5',
161 silly mapToRegistry   name: 'MD5',
161 silly mapToRegistry   rawSpec: '',
161 silly mapToRegistry   spec: 'latest',
161 silly mapToRegistry   type: 'tag' }
162 silly mapToRegistry uri https://registry.npmjs.org/MD5
163 verbose addRemoteTarball https://registry.npmjs.org/MD5/-/MD5-1.2.2.tgz not in flight; adding
164 verbose addRemoteTarball [ 'https://registry.npmjs.org/MD5/-/MD5-1.2.2.tgz',
164 verbose addRemoteTarball   'd903c8ec5ba223cd2b80432824881d04bb9841c0' ]
165 info retry fetch attempt 1 at 20:44:17
166 info attempt registry request try #1 at 20:44:17
167 http fetch GET https://registry.npmjs.org/MD5/-/MD5-1.2.2.tgz
168 http 200 https://registry.npmjs.org/express
169 verbose headers { server: 'nginx/1.10.1',
169 verbose headers   'content-type': 'application/json',
169 verbose headers   'last-modified': 'Tue, 07 Mar 2017 15:44:41 GMT',
169 verbose headers   etag: 'W/"58bed569-8b78b"',
169 verbose headers   'content-encoding': 'gzip',
169 verbose headers   'cache-control': 'max-age=300',
169 verbose headers   'content-length': '43030',
169 verbose headers   'accept-ranges': 'bytes',
169 verbose headers   date: 'Tue, 07 Mar 2017 23:44:19 GMT',
169 verbose headers   via: '1.1 varnish',
169 verbose headers   age: '280',
169 verbose headers   connection: 'keep-alive',
169 verbose headers   'x-served-by': 'cache-gru7127-GRU',
169 verbose headers   'x-cache': 'HIT',
169 verbose headers   'x-cache-hits': '8',
169 verbose headers   'x-timer': 'S1488930259.443804,VS0,VE0',
169 verbose headers   vary: 'Accept-Encoding' }
170 silly get cb [ 200,
170 silly get   { server: 'nginx/1.10.1',
170 silly get     'content-type': 'application/json',
170 silly get     'last-modified': 'Tue, 07 Mar 2017 15:44:41 GMT',
170 silly get     etag: 'W/"58bed569-8b78b"',
170 silly get     'content-encoding': 'gzip',
170 silly get     'cache-control': 'max-age=300',
170 silly get     'content-length': '43030',
170 silly get     'accept-ranges': 'bytes',
170 silly get     date: 'Tue, 07 Mar 2017 23:44:19 GMT',
170 silly get     via: '1.1 varnish',
170 silly get     age: '280',
170 silly get     connection: 'keep-alive',
170 silly get     'x-served-by': 'cache-gru7127-GRU',
170 silly get     'x-cache': 'HIT',
170 silly get     'x-cache-hits': '8',
170 silly get     'x-timer': 'S1488930259.443804,VS0,VE0',
170 silly get     vary: 'Accept-Encoding' } ]
171 verbose get saving express to C:\Users\Mary\AppData\Roaming\npm-cache\registry.npmjs.org\express\.cache.json
172 verbose correctMkdir C:\Users\Mary\AppData\Roaming\npm-cache correctMkdir not in flight; initializing
173 http fetch 200 https://registry.npmjs.org/body-parser/-/body-parser-1.12.4.tgz
174 http fetch 200 https://registry.npmjs.org/MD5/-/MD5-1.2.2.tgz
175 silly fetchAndShaCheck shasum 090700c4ba28862a8520ef378395fdee5f61c229
176 silly fetchAndShaCheck shasum d903c8ec5ba223cd2b80432824881d04bb9841c0
177 verbose addTmpTarball C:\Users\Mary\AppData\Local\Temp\npm-5556-bcdd879d\registry.npmjs.org\body-parser\-\body-parser-1.12.4.tgz not in flight; adding
178 verbose addTmpTarball already have metadata; skipping unpack for body-parser@1.12.4
179 verbose correctMkdir C:\Users\Mary\AppData\Roaming\npm-cache correctMkdir not in flight; initializing
180 verbose addTmpTarball C:\Users\Mary\AppData\Local\Temp\npm-5556-bcdd879d\registry.npmjs.org\MD5\-\MD5-1.2.2.tgz not in flight; adding
181 verbose addTmpTarball already have metadata; skipping unpack for MD5@1.2.2
182 verbose correctMkdir C:\Users\Mary\AppData\Roaming\npm-cache correctMkdir not in flight; initializing
183 silly pickManifestFromRegistryMetadata spec >=4.12.2 <4.13.0 tag latest versions [ '0.14.0',
183 silly pickManifestFromRegistryMetadata   '0.14.1',
183 silly pickManifestFromRegistryMetadata   '1.0.0',
183 silly pickManifestFromRegistryMetadata   '1.0.1',
183 silly pickManifestFromRegistryMetadata   '1.0.2',
183 silly pickManifestFromRegistryMetadata   '1.0.3',
183 silly pickManifestFromRegistryMetadata   '1.0.4',
183 silly pickManifestFromRegistryMetadata   '1.0.5',
183 silly pickManifestFromRegistryMetadata   '1.0.6',
183 silly pickManifestFromRegistryMetadata   '1.0.7',
183 silly pickManifestFromRegistryMetadata   '1.0.8',
183 silly pickManifestFromRegistryMetadata   '2.0.0',
183 silly pickManifestFromRegistryMetadata   '2.1.0',
183 silly pickManifestFromRegistryMetadata   '2.1.1',
183 silly pickManifestFromRegistryMetadata   '2.2.0',
183 silly pickManifestFromRegistryMetadata   '2.2.1',
183 silly pickManifestFromRegistryMetadata   '2.2.2',
183 silly pickManifestFromRegistryMetadata   '2.3.0',
183 silly pickManifestFromRegistryMetadata   '2.3.1',
183 silly pickManifestFromRegistryMetadata   '2.3.2',
183 silly pickManifestFromRegistryMetadata   '2.3.3',
183 silly pickManifestFromRegistryMetadata   '2.3.4',
183 silly pickManifestFromRegistryMetadata   '2.3.5',
183 silly pickManifestFromRegistryMetadata   '2.3.6',
183 silly pickManifestFromRegistryMetadata   '2.3.7',
183 silly pickManifestFromRegistryMetadata   '2.3.8',
183 silly pickManifestFromRegistryMetadata   '2.3.9',
183 silly pickManifestFromRegistryMetadata   '2.3.10',
183 silly pickManifestFromRegistryMetadata   '2.3.11',
183 silly pickManifestFromRegistryMetadata   '2.3.12',
183 silly pickManifestFromRegistryMetadata   '2.4.0',
183 silly pickManifestFromRegistryMetadata   '2.4.1',
183 silly pickManifestFromRegistryMetadata   '2.4.2',
183 silly pickManifestFromRegistryMetadata   '2.4.3',
183 silly pickManifestFromRegistryMetadata   '2.4.4',
183 silly pickManifestFromRegistryMetadata   '2.4.5',
183 silly pickManifestFromRegistryMetadata   '2.4.6',
183 silly pickManifestFromRegistryMetadata   '2.4.7',
183 silly pickManifestFromRegistryMetadata   '2.5.0',
183 silly pickManifestFromRegistryMetadata   '2.5.1',
183 silly pickManifestFromRegistryMetadata   '2.5.2',
183 silly pickManifestFromRegistryMetadata   '2.5.3',
183 silly pickManifestFromRegistryMetadata   '2.5.4',
183 silly pickManifestFromRegistryMetadata   '2.5.5',
183 silly pickManifestFromRegistryMetadata   '2.5.6',
183 silly pickManifestFromRegistryMetadata   '2.5.7',
183 silly pickManifestFromRegistryMetadata   '2.5.8',
183 silly pickManifestFromRegistryMetadata   '2.5.9',
183 silly pickManifestFromRegistryMetadata   '2.5.10',
183 silly pickManifestFromRegistryMetadata   '2.5.11',
183 silly pickManifestFromRegistryMetadata   '3.0.0',
183 silly pickManifestFromRegistryMetadata   '3.0.1',
183 silly pickManifestFromRegistryMetadata   '3.0.2',
183 silly pickManifestFromRegistryMetadata   '3.0.3',
183 silly pickManifestFromRegistryMetadata   '3.0.4',
183 silly pickManifestFromRegistryMetadata   '3.0.5',
183 silly pickManifestFromRegistryMetadata   '3.0.6',
183 silly pickManifestFromRegistryMetadata   '3.1.0',
183 silly pickManifestFromRegistryMetadata   '3.1.1',
183 silly pickManifestFromRegistryMetadata   '3.1.2',
183 silly pickManifestFromRegistryMetadata   '3.2.0',
183 silly pickManifestFromRegistryMetadata   '3.2.1',
183 silly pickManifestFromRegistryMetadata   '3.2.2',
183 silly pickManifestFromRegistryMetadata   '3.2.3',
183 silly pickManifestFromRegistryMetadata   '3.2.4',
183 silly pickManifestFromRegistryMetadata   '3.2.5',
183 silly pickManifestFromRegistryMetadata   '3.2.6',
183 silly pickManifestFromRegistryMetadata   '3.3.0',
183 silly pickManifestFromRegistryMetadata   '3.3.1',
183 silly pickManifestFromRegistryMetadata   '3.3.2',
183 silly pickManifestFromRegistryMetadata   '3.3.3',
183 silly pickManifestFromRegistryMetadata   '3.3.4',
183 silly pickManifestFromRegistryMetadata   '3.3.5',
183 silly pickManifestFromRegistryMetadata   '3.3.6',
183 silly pickManifestFromRegistryMetadata   '1.0.0-beta',
183 silly pickManifestFromRegistryMetadata   '1.0.0-beta2',
183 silly pickManifestFromRegistryMetadata   '1.0.0-rc',
183 silly pickManifestFromRegistryMetadata   '1.0.0-rc2',
183 silly pickManifestFromRegistryMetadata   '1.0.0-rc3',
183 silly pickManifestFromRegistryMetadata   '1.0.0-rc4',
183 silly pickManifestFromRegistryMetadata   '2.0.0-beta',
183 silly pickManifestFromRegistryMetadata   '2.0.0-beta2',
183 silly pickManifestFromRegistryMetadata   '2.0.0-beta3',
183 silly pickManifestFromRegistryMetadata   '2.0.0-rc',
183 silly pickManifestFromRegistryMetadata   '2.0.0-rc2',
183 silly pickManifestFromRegistryMetadata   '2.0.0-rc3',
183 silly pickManifestFromRegistryMetadata   '3.0.0-alpha1',
183 silly pickManifestFromRegistryMetadata   '3.0.0-alpha2',
183 silly pickManifestFromRegistryMetadata   '3.0.0-alpha3',
183 silly pickManifestFromRegistryMetadata   '3.0.0-alpha4',
183 silly pickManifestFromRegistryMetadata   '3.0.0-alpha5',
183 silly pickManifestFromRegistryMetadata   '3.0.0-beta1',
183 silly pickManifestFromRegistryMetadata   '3.0.0-beta2',
183 silly pickManifestFromRegistryMetadata   '3.0.0-beta3',
183 silly pickManifestFromRegistryMetadata   '3.0.0-beta4',
183 silly pickManifestFromRegistryMetadata   '3.0.0-beta6',
183 silly pickManifestFromRegistryMetadata   '3.0.0-beta7',
183 silly pickManifestFromRegistryMetadata   '3.0.0-rc1',
183 silly pickManifestFromRegistryMetadata   '3.0.0-rc2',
183 silly pickManifestFromRegistryMetadata   '3.0.0-rc3',
183 silly pickManifestFromRegistryMetadata   ... 151 more items ]
184 silly resolveWithNewModule express@4.12.4 checking installable status
185 silly cache add args [ 'express@~4.12.2', null ]
186 verbose cache add spec express@~4.12.2
187 silly cache add parsed spec Result {
187 silly cache add   raw: 'express@~4.12.2',
187 silly cache add   scope: null,
187 silly cache add   escapedName: 'express',
187 silly cache add   name: 'express',
187 silly cache add   rawSpec: '~4.12.2',
187 silly cache add   spec: '>=4.12.2 <4.13.0',
187 silly cache add   type: 'range' }
188 silly addNamed express@>=4.12.2 <4.13.0
189 verbose addNamed ">=4.12.2 <4.13.0" is a valid semver range for express
190 silly addNameRange { name: 'express', range: '>=4.12.2 <4.13.0', hasData: false }
191 silly mapToRegistry name express
192 silly mapToRegistry using default registry
193 silly mapToRegistry registry https://registry.npmjs.org/
194 silly mapToRegistry data Result {
194 silly mapToRegistry   raw: 'express',
194 silly mapToRegistry   scope: null,
194 silly mapToRegistry   escapedName: 'express',
194 silly mapToRegistry   name: 'express',
194 silly mapToRegistry   rawSpec: '',
194 silly mapToRegistry   spec: 'latest',
194 silly mapToRegistry   type: 'tag' }
195 silly mapToRegistry uri https://registry.npmjs.org/express
196 verbose addNameRange registry:https://registry.npmjs.org/express not in flight; fetching
197 silly cache afterAdd body-parser@1.12.4
198 verbose afterAdd C:\Users\Mary\AppData\Roaming\npm-cache\body-parser\1.12.4\package\package.json not in flight; writing
199 verbose correctMkdir C:\Users\Mary\AppData\Roaming\npm-cache correctMkdir not in flight; initializing
200 silly cache afterAdd MD5@1.2.2
201 verbose afterAdd C:\Users\Mary\AppData\Roaming\npm-cache\MD5\1.2.2\package\package.json not in flight; writing
202 verbose correctMkdir C:\Users\Mary\AppData\Roaming\npm-cache correctMkdir not in flight; initializing
203 verbose get https://registry.npmjs.org/express not expired, no request
204 silly addNameRange number 2 { name: 'express', range: '>=4.12.2 <4.13.0', hasData: true }
205 silly addNameRange versions [ 'express',
205 silly addNameRange   [ '0.14.0',
205 silly addNameRange     '0.14.1',
205 silly addNameRange     '1.0.0',
205 silly addNameRange     '1.0.1',
205 silly addNameRange     '1.0.2',
205 silly addNameRange     '1.0.3',
205 silly addNameRange     '1.0.4',
205 silly addNameRange     '1.0.5',
205 silly addNameRange     '1.0.6',
205 silly addNameRange     '1.0.7',
205 silly addNameRange     '1.0.8',
205 silly addNameRange     '2.0.0',
205 silly addNameRange     '2.1.0',
205 silly addNameRange     '2.1.1',
205 silly addNameRange     '2.2.0',
205 silly addNameRange     '2.2.1',
205 silly addNameRange     '2.2.2',
205 silly addNameRange     '2.3.0',
205 silly addNameRange     '2.3.1',
205 silly addNameRange     '2.3.2',
205 silly addNameRange     '2.3.3',
205 silly addNameRange     '2.3.4',
205 silly addNameRange     '2.3.5',
205 silly addNameRange     '2.3.6',
205 silly addNameRange     '2.3.7',
205 silly addNameRange     '2.3.8',
205 silly addNameRange     '2.3.9',
205 silly addNameRange     '2.3.10',
205 silly addNameRange     '2.3.11',
205 silly addNameRange     '2.3.12',
205 silly addNameRange     '2.4.0',
205 silly addNameRange     '2.4.1',
205 silly addNameRange     '2.4.2',
205 silly addNameRange     '2.4.3',
205 silly addNameRange     '2.4.4',
205 silly addNameRange     '2.4.5',
205 silly addNameRange     '2.4.6',
205 silly addNameRange     '2.4.7',
205 silly addNameRange     '2.5.0',
205 silly addNameRange     '2.5.1',
205 silly addNameRange     '2.5.2',
205 silly addNameRange     '2.5.3',
205 silly addNameRange     '2.5.4',
205 silly addNameRange     '2.5.5',
205 silly addNameRange     '2.5.6',
205 silly addNameRange     '2.5.7',
205 silly addNameRange     '2.5.8',
205 silly addNameRange     '2.5.9',
205 silly addNameRange     '2.5.10',
205 silly addNameRange     '2.5.11',
205 silly addNameRange     '3.0.0',
205 silly addNameRange     '3.0.1',
205 silly addNameRange     '3.0.2',
205 silly addNameRange     '3.0.3',
205 silly addNameRange     '3.0.4',
205 silly addNameRange     '3.0.5',
205 silly addNameRange     '3.0.6',
205 silly addNameRange     '3.1.0',
205 silly addNameRange     '3.1.1',
205 silly addNameRange     '3.1.2',
205 silly addNameRange     '3.2.0',
205 silly addNameRange     '3.2.1',
205 silly addNameRange     '3.2.2',
205 silly addNameRange     '3.2.3',
205 silly addNameRange     '3.2.4',
205 silly addNameRange     '3.2.5',
205 silly addNameRange     '3.2.6',
205 silly addNameRange     '3.3.0',
205 silly addNameRange     '3.3.1',
205 silly addNameRange     '3.3.2',
205 silly addNameRange     '3.3.3',
205 silly addNameRange     '3.3.4',
205 silly addNameRange     '3.3.5',
205 silly addNameRange     '3.3.6',
205 silly addNameRange     '1.0.0-beta',
205 silly addNameRange     '1.0.0-beta2',
205 silly addNameRange     '1.0.0-rc',
205 silly addNameRange     '1.0.0-rc2',
205 silly addNameRange     '1.0.0-rc3',
205 silly addNameRange     '1.0.0-rc4',
205 silly addNameRange     '2.0.0-beta',
205 silly addNameRange     '2.0.0-beta2',
205 silly addNameRange     '2.0.0-beta3',
205 silly addNameRange     '2.0.0-rc',
205 silly addNameRange     '2.0.0-rc2',
205 silly addNameRange     '2.0.0-rc3',
205 silly addNameRange     '3.0.0-alpha1',
205 silly addNameRange     '3.0.0-alpha2',
205 silly addNameRange     '3.0.0-alpha3',
205 silly addNameRange     '3.0.0-alpha4',
205 silly addNameRange     '3.0.0-alpha5',
205 silly addNameRange     '3.0.0-beta1',
205 silly addNameRange     '3.0.0-beta2',
205 silly addNameRange     '3.0.0-beta3',
205 silly addNameRange     '3.0.0-beta4',
205 silly addNameRange     '3.0.0-beta6',
205 silly addNameRange     '3.0.0-beta7',
205 silly addNameRange     '3.0.0-rc1',
205 silly addNameRange     '3.0.0-rc2',
205 silly addNameRange     '3.0.0-rc3',
205 silly addNameRange     ... 151 more items ] ]
206 silly pickManifestFromRegistryMetadata spec >=4.12.2 <4.13.0 tag latest versions [ '0.14.0',
206 silly pickManifestFromRegistryMetadata   '0.14.1',
206 silly pickManifestFromRegistryMetadata   '1.0.0',
206 silly pickManifestFromRegistryMetadata   '1.0.1',
206 silly pickManifestFromRegistryMetadata   '1.0.2',
206 silly pickManifestFromRegistryMetadata   '1.0.3',
206 silly pickManifestFromRegistryMetadata   '1.0.4',
206 silly pickManifestFromRegistryMetadata   '1.0.5',
206 silly pickManifestFromRegistryMetadata   '1.0.6',
206 silly pickManifestFromRegistryMetadata   '1.0.7',
206 silly pickManifestFromRegistryMetadata   '1.0.8',
206 silly pickManifestFromRegistryMetadata   '2.0.0',
206 silly pickManifestFromRegistryMetadata   '2.1.0',
206 silly pickManifestFromRegistryMetadata   '2.1.1',
206 silly pickManifestFromRegistryMetadata   '2.2.0',
206 silly pickManifestFromRegistryMetadata   '2.2.1',
206 silly pickManifestFromRegistryMetadata   '2.2.2',
206 silly pickManifestFromRegistryMetadata   '2.3.0',
206 silly pickManifestFromRegistryMetadata   '2.3.1',
206 silly pickManifestFromRegistryMetadata   '2.3.2',
206 silly pickManifestFromRegistryMetadata   '2.3.3',
206 silly pickManifestFromRegistryMetadata   '2.3.4',
206 silly pickManifestFromRegistryMetadata   '2.3.5',
206 silly pickManifestFromRegistryMetadata   '2.3.6',
206 silly pickManifestFromRegistryMetadata   '2.3.7',
206 silly pickManifestFromRegistryMetadata   '2.3.8',
206 silly pickManifestFromRegistryMetadata   '2.3.9',
206 silly pickManifestFromRegistryMetadata   '2.3.10',
206 silly pickManifestFromRegistryMetadata   '2.3.11',
206 silly pickManifestFromRegistryMetadata   '2.3.12',
206 silly pickManifestFromRegistryMetadata   '2.4.0',
206 silly pickManifestFromRegistryMetadata   '2.4.1',
206 silly pickManifestFromRegistryMetadata   '2.4.2',
206 silly pickManifestFromRegistryMetadata   '2.4.3',
206 silly pickManifestFromRegistryMetadata   '2.4.4',
206 silly pickManifestFromRegistryMetadata   '2.4.5',
206 silly pickManifestFromRegistryMetadata   '2.4.6',
206 silly pickManifestFromRegistryMetadata   '2.4.7',
206 silly pickManifestFromRegistryMetadata   '2.5.0',
206 silly pickManifestFromRegistryMetadata   '2.5.1',
206 silly pickManifestFromRegistryMetadata   '2.5.2',
206 silly pickManifestFromRegistryMetadata   '2.5.3',
206 silly pickManifestFromRegistryMetadata   '2.5.4',
206 silly pickManifestFromRegistryMetadata   '2.5.5',
206 silly pickManifestFromRegistryMetadata   '2.5.6',
206 silly pickManifestFromRegistryMetadata   '2.5.7',
206 silly pickManifestFromRegistryMetadata   '2.5.8',
206 silly pickManifestFromRegistryMetadata   '2.5.9',
206 silly pickManifestFromRegistryMetadata   '2.5.10',
206 silly pickManifestFromRegistryMetadata   '2.5.11',
206 silly pickManifestFromRegistryMetadata   '3.0.0',
206 silly pickManifestFromRegistryMetadata   '3.0.1',
206 silly pickManifestFromRegistryMetadata   '3.0.2',
206 silly pickManifestFromRegistryMetadata   '3.0.3',
206 silly pickManifestFromRegistryMetadata   '3.0.4',
206 silly pickManifestFromRegistryMetadata   '3.0.5',
206 silly pickManifestFromRegistryMetadata   '3.0.6',
206 silly pickManifestFromRegistryMetadata   '3.1.0',
206 silly pickManifestFromRegistryMetadata   '3.1.1',
206 silly pickManifestFromRegistryMetadata   '3.1.2',
206 silly pickManifestFromRegistryMetadata   '3.2.0',
206 silly pickManifestFromRegistryMetadata   '3.2.1',
206 silly pickManifestFromRegistryMetadata   '3.2.2',
206 silly pickManifestFromRegistryMetadata   '3.2.3',
206 silly pickManifestFromRegistryMetadata   '3.2.4',
206 silly pickManifestFromRegistryMetadata   '3.2.5',
206 silly pickManifestFromRegistryMetadata   '3.2.6',
206 silly pickManifestFromRegistryMetadata   '3.3.0',
206 silly pickManifestFromRegistryMetadata   '3.3.1',
206 silly pickManifestFromRegistryMetadata   '3.3.2',
206 silly pickManifestFromRegistryMetadata   '3.3.3',
206 silly pickManifestFromRegistryMetadata   '3.3.4',
206 silly pickManifestFromRegistryMetadata   '3.3.5',
206 silly pickManifestFromRegistryMetadata   '3.3.6',
206 silly pickManifestFromRegistryMetadata   '1.0.0-beta',
206 silly pickManifestFromRegistryMetadata   '1.0.0-beta2',
206 silly pickManifestFromRegistryMetadata   '1.0.0-rc',
206 silly pickManifestFromRegistryMetadata   '1.0.0-rc2',
206 silly pickManifestFromRegistryMetadata   '1.0.0-rc3',
206 silly pickManifestFromRegistryMetadata   '1.0.0-rc4',
206 silly pickManifestFromRegistryMetadata   '2.0.0-beta',
206 silly pickManifestFromRegistryMetadata   '2.0.0-beta2',
206 silly pickManifestFromRegistryMetadata   '2.0.0-beta3',
206 silly pickManifestFromRegistryMetadata   '2.0.0-rc',
206 silly pickManifestFromRegistryMetadata   '2.0.0-rc2',
206 silly pickManifestFromRegistryMetadata   '2.0.0-rc3',
206 silly pickManifestFromRegistryMetadata   '3.0.0-alpha1',
206 silly pickManifestFromRegistryMetadata   '3.0.0-alpha2',
206 silly pickManifestFromRegistryMetadata   '3.0.0-alpha3',
206 silly pickManifestFromRegistryMetadata   '3.0.0-alpha4',
206 silly pickManifestFromRegistryMetadata   '3.0.0-alpha5',
206 silly pickManifestFromRegistryMetadata   '3.0.0-beta1',
206 silly pickManifestFromRegistryMetadata   '3.0.0-beta2',
206 silly pickManifestFromRegistryMetadata   '3.0.0-beta3',
206 silly pickManifestFromRegistryMetadata   '3.0.0-beta4',
206 silly pickManifestFromRegistryMetadata   '3.0.0-beta6',
206 silly pickManifestFromRegistryMetadata   '3.0.0-beta7',
206 silly pickManifestFromRegistryMetadata   '3.0.0-rc1',
206 silly pickManifestFromRegistryMetadata   '3.0.0-rc2',
206 silly pickManifestFromRegistryMetadata   '3.0.0-rc3',
206 silly pickManifestFromRegistryMetadata   ... 151 more items ]
207 silly addNamed express@4.12.4
208 verbose addNamed "4.12.4" is a plain semver version for express
209 silly mapToRegistry name express
210 silly mapToRegistry using default registry
211 silly mapToRegistry registry https://registry.npmjs.org/
212 silly mapToRegistry data Result {
212 silly mapToRegistry   raw: 'express',
212 silly mapToRegistry   scope: null,
212 silly mapToRegistry   escapedName: 'express',
212 silly mapToRegistry   name: 'express',
212 silly mapToRegistry   rawSpec: '',
212 silly mapToRegistry   spec: 'latest',
212 silly mapToRegistry   type: 'tag' }
213 silly mapToRegistry uri https://registry.npmjs.org/express
214 verbose addRemoteTarball https://registry.npmjs.org/express/-/express-4.12.4.tgz not in flight; adding
215 verbose addRemoteTarball [ 'https://registry.npmjs.org/express/-/express-4.12.4.tgz',
215 verbose addRemoteTarball   '8fec2510255bc6b2e58107c48239c0fa307c1aa2' ]
216 info retry fetch attempt 1 at 20:44:18
217 info attempt registry request try #1 at 20:44:18
218 http fetch GET https://registry.npmjs.org/express/-/express-4.12.4.tgz
219 verbose afterAdd C:\Users\Mary\AppData\Roaming\npm-cache\body-parser\1.12.4\package\package.json written
220 verbose afterAdd C:\Users\Mary\AppData\Roaming\npm-cache\MD5\1.2.2\package\package.json written
221 http fetch 200 https://registry.npmjs.org/express/-/express-4.12.4.tgz
222 warn retry will retry, error on last attempt: Error: EBUSY: resource busy or locked, rename 'C:\Users\Mary\AppData\Local\Temp\npm-5556-bcdd879d\registry.npmjs.org\express\-\express-4.12.4.tgz.593848784' -> 'C:\Users\Mary\AppData\Local\Temp\npm-5556-bcdd879d\registry.npmjs.org\express\-\express-4.12.4.tgz'
223 verbose stack TypeError: tarball.destroy is not a function
223 verbose stack     at WriteStreamAtomic.<anonymous> (C:\Program Files\nodejs\node_modules\npm\lib\cache\add-remote-tarball.js:97:15)
223 verbose stack     at emitOne (events.js:101:20)
223 verbose stack     at WriteStreamAtomic.emit (events.js:189:7)
223 verbose stack     at WriteStreamAtomic.emit (C:\Program Files\nodejs\node_modules\npm\node_modules\fs-write-stream-atomic\index.js:60:34)
223 verbose stack     at C:\Program Files\nodejs\node_modules\npm\node_modules\fs-write-stream-atomic\index.js:89:19
223 verbose stack     at FSReqWrap.oncomplete (fs.js:114:15)
224 verbose cwd C:\xampp\htdocs\projetoifrn\api
225 error Windows_NT 6.1.7601
226 error argv "C:\\Program Files\\nodejs\\node.exe" "C:\\Program Files\\nodejs\\node_modules\\npm\\bin\\npm-cli.js" "install"
227 error node v7.6.0
228 error npm  v4.1.2
229 error tarball.destroy is not a function
230 error If you need help, you may report this error at:
230 error     <https://github.com/npm/npm/issues>
231 verbose exit [ 1, true ]
